TN:
SF:lib/core/theme/app_theme.dart
FNF:0
FNH:0
DA:7,10
DA:10,10
DA:13,10
DA:28,10
DA:31,10
DA:32,10
DA:35,10
DA:36,10
DA:39,10
DA:40,10
DA:42,10
DA:49,6
DA:52,6
DA:55,6
LF:14
LH:14
end_of_record
TN:
SF:lib/core/theme/cubit/theme_cubit.dart
FNF:0
FNH:0
DA:5,8
DA:7,1
DA:8,3
DA:11,4
LF:4
LH:4
end_of_record
TN:
SF:lib/core/theme/portfolio_theme.dart
FNF:0
FNH:0
DA:4,29
DA:22,1
DA:32,1
DA:33,1
DA:34,0
DA:35,1
DA:36,1
DA:37,1
DA:38,1
DA:39,0
DA:43,2
DA:48,2
DA:50,2
DA:51,2
DA:52,2
DA:53,2
DA:56,6
DA:57,6
DA:58,6
DA:59,6
DA:60,6
DA:61,5
DA:65,6
DA:67,9
DA:69,6
DA:71,6
DA:74,6
DA:77,2
DA:79,2
DA:82,1
LF:30
LH:28
end_of_record
TN:
SF:lib/features/portfolio/data/grpc/portfolio_grpc_client.dart
FNF:0
FNH:0
DA:6,0
DA:10,0
DA:13,0
DA:17,0
DA:18,0
DA:21,0
DA:30,0
DA:31,0
DA:34,0
DA:35,0
DA:38,0
DA:39,0
DA:42,0
DA:43,0
LF:14
LH:0
end_of_record
TN:
SF:lib/features/portfolio/data/repositories/fake_portfolio_repository.dart
FNF:0
FNH:0
DA:9,1
DA:11,1
DA:43,1
DA:45,5
DA:48,1
DA:55,1
DA:57,1
DA:59,1
DA:60,1
DA:63,1
DA:65,2
DA:66,4
DA:67,1
DA:68,1
DA:69,2
DA:78,1
DA:80,1
LF:17
LH:17
end_of_record
TN:
SF:lib/features/portfolio/data/repositories/grpc_portfolio_repository.dart
FNF:0
FNH:0
DA:5,1
DA:9,1
DA:11,2
DA:12,1
DA:15,1
DA:17,2
DA:19,1
DA:20,1
DA:21,2
DA:22,3
DA:23,1
DA:26,1
DA:29,1
DA:31,2
DA:33,2
DA:34,1
DA:38,1
DA:39,4
DA:41,1
DA:42,1
DA:43,1
DA:48,1
DA:49,1
DA:50,1
DA:51,1
DA:52,1
DA:53,1
DA:54,1
DA:55,1
DA:56,1
LF:30
LH:30
end_of_record
TN:
SF:lib/features/portfolio/domain/entities/asset.dart
FNF:0
FNH:0
DA:2,21
LF:1
LH:1
end_of_record
TN:
SF:lib/features/portfolio/domain/entities/portfolio_overview.dart
FNF:0
FNH:0
DA:4,6
LF:1
LH:1
end_of_record
TN:
SF:lib/features/portfolio/domain/entities/time_series_point.dart
FNF:0
FNH:0
DA:2,6
LF:1
LH:1
end_of_record
TN:
SF:lib/features/portfolio/domain/usecases/get_portfolio_overview.dart
FNF:0
FNH:0
DA:5,1
DA:9,1
DA:10,2
LF:3
LH:3
end_of_record
TN:
SF:lib/features/portfolio/domain/usecases/get_portfolio_timeseries.dart
FNF:0
FNH:0
DA:5,1
DA:9,1
DA:10,2
LF:3
LH:3
end_of_record
TN:
SF:lib/features/portfolio/domain/usecases/watch_portfolio_overview.dart
FNF:0
FNH:0
DA:5,1
DA:9,1
DA:10,2
LF:3
LH:3
end_of_record
TN:
SF:lib/features/portfolio/presentation/bloc/portfolio/portfolio_bloc.dart
FNF:0
FNH:0
DA:6,2
DA:11,2
DA:12,4
DA:13,4
DA:14,4
DA:23,2
DA:27,2
DA:30,6
DA:32,2
DA:33,8
DA:34,1
DA:35,2
DA:37,1
DA:38,1
DA:42,1
DA:46,1
DA:50,1
DA:52,2
DA:53,1
DA:54,1
DA:56,2
DA:61,2
DA:62,0
DA:65,1
DA:67,1
DA:68,1
DA:69,1
DA:75,1
DA:79,1
DA:82,1
DA:84,2
DA:85,1
LF:32
LH:31
end_of_record
TN:
SF:lib/features/portfolio/presentation/bloc/portfolio/portfolio_event.dart
FNF:0
FNH:0
DA:4,52
DA:8,35
DA:12,1
DA:18,16
LF:4
LH:4
end_of_record
TN:
SF:lib/features/portfolio/presentation/bloc/portfolio/portfolio_state.dart
FNF:0
FNH:0
DA:5,21
DA:9,18
DA:13,17
DA:20,2
DA:28,17
LF:5
LH:5
end_of_record
TN:
SF:lib/features/portfolio/presentation/bloc/range/performance_range_cubit.dart
FNF:0
FNH:0
DA:6,2
DA:8,2
LF:2
LH:2
end_of_record
TN:
SF:lib/features/portfolio/presentation/pages/portfolio_page.dart
FNF:0
FNH:0
DA:8,1
DA:10,1
DA:12,1
DA:13,2
DA:14,1
DA:16,1
DA:18,1
DA:19,3
DA:20,1
DA:25,1
DA:26,1
DA:28,1
DA:43,1
DA:44,0
LF:14
LH:13
end_of_record
TN:
SF:lib/features/portfolio/presentation/widgets/neobank/neo_asset_tile.dart
FNF:0
FNH:0
DA:6,1
DA:15,1
DA:17,2
DA:18,3
DA:20,1
DA:21,1
DA:22,1
DA:23,1
DA:24,1
DA:30,1
DA:31,1
DA:32,1
DA:35,1
DA:37,1
DA:38,1
DA:39,1
DA:40,2
DA:44,1
DA:45,1
DA:46,3
DA:47,3
DA:55,1
DA:56,1
DA:58,1
DA:59,1
DA:60,2
DA:61,3
DA:67,1
DA:68,7
DA:69,3
DA:76,1
DA:78,1
DA:79,1
DA:80,3
DA:81,3
DA:86,1
DA:88,1
DA:89,1
DA:92,1
DA:95,1
DA:96,4
DA:97,3
DA:98,1
LF:43
LH:43
end_of_record
TN:
SF:lib/features/portfolio/presentation/widgets/neobank/neo_header.dart
FNF:0
FNH:0
DA:6,2
DA:15,2
DA:17,4
DA:18,8
DA:19,4
DA:20,4
DA:21,4
DA:23,2
DA:25,2
DA:26,2
DA:28,4
DA:33,2
DA:34,4
DA:35,4
DA:41,2
DA:42,2
DA:43,2
DA:46,3
DA:49,2
DA:50,6
DA:51,4
DA:52,3
DA:57,2
DA:58,2
DA:59,4
LF:25
LH:25
end_of_record
TN:
SF:lib/features/portfolio/presentation/widgets/neobank/neo_header_section.dart
FNF:0
FNH:0
DA:5,16
DA:7,0
DA:9,0
DA:10,0
DA:11,0
DA:12,0
DA:13,0
LF:7
LH:1
end_of_record
TN:
SF:lib/features/portfolio/presentation/widgets/neobank/neo_holdings_body.dart
FNF:0
FNH:0
DA:6,1
DA:13,1
DA:15,2
DA:16,2
DA:18,1
DA:19,1
DA:20,1
DA:23,1
DA:24,1
DA:26,1
DA:29,1
DA:31,1
DA:35,1
DA:37,1
DA:38,1
DA:39,1
DA:41,2
DA:47,1
DA:49,2
DA:50,1
DA:57,1
DA:58,1
DA:59,1
DA:60,1
DA:62,1
DA:67,1
LF:26
LH:26
end_of_record
TN:
SF:lib/features/portfolio/presentation/widgets/neobank/neo_holdings_section.dart
FNF:0
FNH:0
DA:5,16
DA:7,0
DA:9,0
DA:10,0
LF:4
LH:1
end_of_record
TN:
SF:lib/features/portfolio/presentation/widgets/neobank/neo_performance_section.dart
FNF:0
FNH:0
DA:6,16
DA:8,0
DA:12,0
DA:16,0
DA:19,0
DA:22,0
DA:25,0
DA:28,0
DA:29,0
DA:33,0
DA:34,0
DA:37,0
DA:39,0
DA:40,0
DA:41,0
DA:42,0
DA:43,0
DA:45,0
DA:47,0
DA:48,0
DA:50,0
DA:51,0
DA:55,0
LF:23
LH:1
end_of_record
TN:
SF:lib/features/portfolio/presentation/widgets/neobank/neobank_body.dart
FNF:0
FNH:0
DA:9,16
DA:11,0
DA:13,0
DA:14,0
LF:4
LH:1
end_of_record
TN:
SF:lib/features/portfolio/presentation/widgets/neobank/neobank_portfolio_view.dart
FNF:0
FNH:0
DA:7,16
DA:9,1
DA:11,1
DA:12,0
DA:13,1
DA:14,0
LF:6
LH:4
end_of_record
TN:
SF:lib/features/portfolio/presentation/widgets/neobank/period_chips.dart
FNF:0
FNH:0
DA:6,1
DA:15,1
DA:17,2
DA:18,2
DA:20,1
DA:28,1
DA:30,1
DA:32,1
DA:33,1
DA:34,1
DA:35,1
DA:36,2
DA:38,1
DA:39,3
DA:40,1
DA:42,1
DA:43,2
DA:44,1
DA:46,1
DA:47,1
DA:49,2
LF:21
LH:21
end_of_record
TN:
SF:lib/features/portfolio/presentation/widgets/retail/retail_body.dart
FNF:0
FNH:0
DA:9,16
DA:13,0
DA:15,0
DA:16,0
LF:4
LH:1
end_of_record
TN:
SF:lib/features/portfolio/presentation/widgets/retail/retail_header.dart
FNF:0
FNH:0
DA:5,2
DA:14,2
DA:16,4
DA:17,4
DA:18,2
DA:20,2
DA:22,2
DA:23,2
DA:24,2
DA:26,2
DA:28,2
DA:30,2
DA:31,2
DA:33,8
DA:34,2
DA:38,2
DA:39,6
DA:40,8
DA:45,2
DA:46,2
DA:47,2
DA:53,2
DA:54,6
DA:55,8
LF:24
LH:24
end_of_record
TN:
SF:lib/features/portfolio/presentation/widgets/retail/retail_header_section.dart
FNF:0
FNH:0
DA:5,16
DA:9,0
DA:11,0
DA:12,0
DA:13,0
DA:14,0
DA:15,0
LF:7
LH:1
end_of_record
TN:
SF:lib/features/portfolio/presentation/widgets/retail/retail_holdings_card.dart
FNF:0
FNH:0
DA:6,2
DA:13,2
DA:15,4
DA:17,2
DA:19,2
DA:20,2
DA:21,2
DA:23,2
DA:25,2
DA:27,2
DA:29,2
DA:31,8
DA:36,2
DA:38,2
DA:40,8
DA:41,2
DA:47,2
DA:50,4
DA:51,1
DA:52,2
DA:53,4
DA:54,4
DA:55,3
DA:57,6
DA:59,2
DA:61,2
DA:62,2
DA:63,2
DA:65,2
DA:66,2
DA:68,2
DA:69,2
DA:70,2
DA:71,8
DA:74,2
DA:75,10
DA:76,8
DA:77,2
DA:84,2
DA:86,2
DA:87,2
DA:88,6
DA:89,6
DA:92,2
DA:93,6
DA:94,8
DA:111,2
DA:112,6
DA:113,0
DA:115,2
DA:116,4
DA:117,12
DA:119,0
DA:126,2
DA:128,2
DA:130,2
DA:132,2
DA:133,2
DA:134,2
DA:135,8
LF:60
LH:58
end_of_record
TN:
SF:lib/features/portfolio/presentation/widgets/retail/retail_holdings_section.dart
FNF:0
FNH:0
DA:5,16
DA:9,0
DA:11,0
DA:12,0
LF:4
LH:1
end_of_record
TN:
SF:lib/features/portfolio/presentation/widgets/retail/retail_performance_section.dart
FNF:0
FNH:0
DA:5,16
DA:9,0
DA:11,0
DA:12,0
LF:4
LH:1
end_of_record
TN:
SF:lib/features/portfolio/presentation/widgets/retail/retail_portfolio_view.dart
FNF:0
FNH:0
DA:7,16
DA:9,1
DA:11,1
DA:12,0
LF:4
LH:3
end_of_record
TN:
SF:lib/features/portfolio/presentation/widgets/shared/error.dart
FNF:0
FNH:0
DA:4,1
DA:13,1
DA:15,1
DA:16,1
DA:18,1
DA:19,2
DA:21,1
DA:22,1
LF:8
LH:8
end_of_record
TN:
SF:lib/features/portfolio/presentation/widgets/shared/loading.dart
FNF:0
FNH:0
DA:4,17
DA:6,2
LF:2
LH:2
end_of_record
TN:
SF:lib/features/portfolio/presentation/widgets/shared/overview_header_section.dart
FNF:0
FNH:0
DA:6,1
DA:13,1
DA:15,1
DA:16,3
DA:17,1
DA:20,2
LF:6
LH:6
end_of_record
TN:
SF:lib/features/portfolio/presentation/widgets/shared/overview_holdings_section.dart
FNF:0
FNH:0
DA:6,1
DA:13,1
DA:15,1
DA:16,4
DA:17,1
DA:18,1
DA:20,2
LF:7
LH:7
end_of_record
TN:
SF:lib/features/portfolio/presentation/widgets/shared/overview_performance_section.dart
FNF:0
FNH:0
DA:6,1
DA:13,1
DA:15,1
DA:16,3
DA:17,3
LF:5
LH:5
end_of_record
TN:
SF:lib/features/portfolio/presentation/widgets/shared/overview_portfolio_view.dart
FNF:0
FNH:0
DA:7,1
DA:14,1
DA:16,2
DA:18,1
DA:19,2
DA:20,1
DA:21,1
DA:22,0
DA:23,1
DA:24,1
DA:28,0
DA:29,0
DA:30,0
DA:31,0
DA:32,0
DA:37,0
DA:38,0
LF:17
LH:9
end_of_record
TN:
SF:lib/features/portfolio/presentation/widgets/shared/performance_card.dart
FNF:0
FNH:0
DA:7,3
DA:14,2
DA:16,4
DA:18,4
DA:19,2
DA:22,2
DA:23,4
DA:24,12
DA:27,8
DA:28,6
DA:29,6
DA:32,6
DA:33,2
DA:34,2
DA:36,2
DA:38,2
DA:39,2
DA:41,2
DA:42,2
DA:44,2
DA:46,2
DA:47,2
DA:48,4
DA:49,4
DA:52,2
DA:55,4
DA:56,2
DA:60,2
DA:75,2
DA:78,2
DA:81,2
DA:82,4
DA:84,0
DA:85,0
DA:86,0
DA:87,0
DA:88,0
DA:89,0
DA:90,0
DA:91,0
DA:93,0
DA:97,2
DA:98,2
DA:102,2
DA:103,2
DA:104,2
DA:106,4
DA:107,2
DA:119,2
DA:120,2
DA:122,2
DA:123,2
DA:125,2
DA:126,2
DA:128,2
DA:129,2
DA:131,2
LF:57
LH:48
end_of_record
TN:
SF:lib/features/portfolio/presentation/widgets/shared/pull_to_refresh.dart
FNF:0
FNH:0
DA:6,1
DA:13,1
DA:15,1
DA:16,3
DA:17,1
LF:5
LH:5
end_of_record
TN:
SF:lib/features/portfolio/presentation/widgets/utils/utils.dart
FNF:0
FNH:0
DA:1,2
DA:2,4
LF:2
LH:2
end_of_record
